AndroidRemote/build/intermediates/manifest_merge_blame_file/debug/manifest-merger-blame-debug-report.txt
1<?xml version="1.0" encoding="utf-8"?>
2<manifest xmlns:android="http://schemas.android.com/apk/res/android"
3    package="com.lumination.androidremote"
4    android:versionCode="1"
5    android:versionName="1.0" >
6
7    <uses-sdk
8        android:minSdkVersion="24"
8-->src\main\AndroidManifest.xml
9        android:targetSdkVersion="29" />
9-->src\main\AndroidManifest.xml
10
11    <!-- for nearby connections -->
12    <uses-permission android:name="android.permission.BLUETOOTH" />
12-->src\main\AndroidManifest.xml:8:5-68
12-->src\main\AndroidManifest.xml:8:22-65
13    <uses-permission android:name="android.permission.BLUETOOTH_ADMIN" />
13-->src\main\AndroidManifest.xml:9:5-74
13-->src\main\AndroidManifest.xml:9:22-71
14    <uses-permission android:name="android.permission.ACCESS_WIFI_STATE" />
14-->src\main\AndroidManifest.xml:10:5-76
14-->src\main\AndroidManifest.xml:10:22-73
15    <uses-permission android:name="android.permission.CHANGE_WIFI_STATE" />
15-->src\main\AndroidManifest.xml:11:5-76
15-->src\main\AndroidManifest.xml:11:22-73
16    <uses-permission android:name="android.permission.ACCESS_COARSE_LOCATION" />
16-->src\main\AndroidManifest.xml:12:5-81
16-->src\main\AndroidManifest.xml:12:22-78
17    <uses-permission android:name="android.permission.ACCESS_FINE_LOCATION" />
17-->src\main\AndroidManifest.xml:13:5-78
17-->src\main\AndroidManifest.xml:13:22-76
18
19    <!-- needed for core activity management functions -->
20    <uses-permission android:name="android.permission.REORDER_TASKS" />
20-->src\main\AndroidManifest.xml:16:5-72
20-->src\main\AndroidManifest.xml:16:22-69
21    <uses-permission android:name="android.permission.WRITE_EXTERNAL_STORAGE" />
21-->src\main\AndroidManifest.xml:17:5-81
21-->src\main\AndroidManifest.xml:17:22-78
22    <uses-permission android:name="android.permission.SYSTEM_ALERT_WINDOW" />
22-->src\main\AndroidManifest.xml:18:5-78
22-->src\main\AndroidManifest.xml:18:22-75
23
24    <!-- for youtube -->
25    <uses-permission android:name="android.permission.INTERNET" />
25-->src\main\AndroidManifest.xml:21:5-66
25-->src\main\AndroidManifest.xml:21:22-64
26
27    <!-- Google Play filtering -->
28    <uses-feature
28-->src\main\AndroidManifest.xml:24:5-26:35
29        android:name="android.hardware.wifi.direct"
29-->src\main\AndroidManifest.xml:25:9-52
30        android:required="true" />
30-->src\main\AndroidManifest.xml:26:9-32
31
32    <uses-permission android:name="android.permission.ACCESS_NETWORK_STATE" />
32-->[com.google.android.gms:play-services-nearby:16.0.0] AndroidManifest.xml:7:5-79
32-->[com.google.android.gms:play-services-nearby:16.0.0] AndroidManifest.xml:7:22-76
33
34    <application
34-->src\main\AndroidManifest.xml:28:5-61:19
35        android:appComponentFactory="androidx.core.app.CoreComponentFactory"
35-->[androidx.core:core:1.1.0] AndroidManifest.xml:24:18-86
36        android:clearTaskOnLaunch="true"
36-->src\main\AndroidManifest.xml:29:9-41
37        android:debuggable="true"
38        android:extractNativeLibs="false"
39        android:icon="@mipmap/lumination_icon_square"
39-->src\main\AndroidManifest.xml:30:9-54
40        android:label="@string/app_title"
40-->src\main\AndroidManifest.xml:31:9-42
41        android:testOnly="true"
42        android:theme="@android:style/Theme.Holo.Light.NoActionBar.Fullscreen" >
42-->src\main\AndroidManifest.xml:32:9-79
43        <activity
43-->src\main\AndroidManifest.xml:34:9-43:20
44            android:name="com.lumination.leadme.MainActivity"
44-->src\main\AndroidManifest.xml:35:13-62
45            android:label="@string/app_title"
45-->src\main\AndroidManifest.xml:37:13-46
46            android:launchMode="singleTask"
46-->src\main\AndroidManifest.xml:38:13-44
47            android:screenOrientation="portrait" > <!-- was singleTask -->
47-->src\main\AndroidManifest.xml:36:13-49
48            <intent-filter>
48-->src\main\AndroidManifest.xml:39:13-42:29
49                <action android:name="android.intent.action.MAIN" />
49-->src\main\AndroidManifest.xml:40:17-69
49-->src\main\AndroidManifest.xml:40:25-66
50
51                <category android:name="android.intent.category.LAUNCHER" />
51-->src\main\AndroidManifest.xml:41:17-77
51-->src\main\AndroidManifest.xml:41:27-74
52            </intent-filter>
53        </activity>
54
55        <!-- Used for transferring files  after a successful connection -->
56
57        <service
57-->src\main\AndroidManifest.xml:48:9-59:19
58            android:name="com.lumination.leadme.RemoteDispatcherService"
58-->src\main\AndroidManifest.xml:49:13-73
59            android:label="@string/app_title_with_brand"
59-->src\main\AndroidManifest.xml:50:13-57
60            android:permission="android.permission.BIND_ACCESSIBILITY_SERVICE" >
60-->src\main\AndroidManifest.xml:51:13-79
61            <intent-filter>
61-->src\main\AndroidManifest.xml:52:13-54:29
62                <action android:name="android.accessibilityservice.AccessibilityService" />
62-->src\main\AndroidManifest.xml:53:17-92
62-->src\main\AndroidManifest.xml:53:25-89
63            </intent-filter>
64
65            <meta-data
65-->src\main\AndroidManifest.xml:56:13-58:72
66                android:name="android.accessibilityservice"
66-->src\main\AndroidManifest.xml:57:17-60
67                android:resource="@xml/accessibility_service_config" />
67-->src\main\AndroidManifest.xml:58:17-69
68        </service>
69
70        <activity
70-->[com.google.android.gms:play-services-base:17.0.0] AndroidManifest.xml:23:9-26:75
71            android:name="com.google.android.gms.common.api.GoogleApiActivity"
71-->[com.google.android.gms:play-services-base:17.0.0] AndroidManifest.xml:24:13-79
72            android:exported="false"
72-->[com.google.android.gms:play-services-base:17.0.0] AndroidManifest.xml:25:13-37
73            android:theme="@android:style/Theme.Translucent.NoTitleBar" />
73-->[com.google.android.gms:play-services-base:17.0.0] AndroidManifest.xml:26:13-72
74
75        <meta-data
75-->[com.google.android.gms:play-services-basement:17.0.0] AndroidManifest.xml:23:9-25:69
76            android:name="com.google.android.gms.version"
76-->[com.google.android.gms:play-services-basement:17.0.0] AndroidManifest.xml:24:13-58
77            android:value="@integer/google_play_services_version" />
77-->[com.google.android.gms:play-services-basement:17.0.0] AndroidManifest.xml:25:13-66
78    </application>
79
80</manifest>